<?xml version="1.0" encoding="UTF-8"?>
<!-- Generated by org.testng.reporters.JUnitReportReporter -->
<testsuite hostname="DESKTOP-T8S148F" failures="0" tests="1" name="com.opencart.runner.Runner" time="5.162" errors="0" timestamp="2025-04-08T10:35:39 IST" skipped="0">
  <testcase classname="com.opencart.runner.Runner" name="check" time="5.162"/>
  <system-out/>
</testsuite> <!-- com.opencart.runner.Runner -->
